0 info it worked if it ends with ok
1 verbose cli [ 'C:\\Program Files\\nodejs\\node.exe',
1 verbose cli   'C:\\Program Files\\nodejs\\node_modules\\npm\\bin\\npm-cli.js',
1 verbose cli   'run',
1 verbose cli   'dev' ]
2 info using npm@3.8.6
3 info using node@v5.11.0
4 verbose run-script [ 'predev', 'dev', 'postdev' ]
5 info lifecycle wordpress-wp-theme@1.0.0~predev: wordpress-wp-theme@1.0.0
6 silly lifecycle wordpress-wp-theme@1.0.0~predev: no script for predev, continuing
7 info lifecycle wordpress-wp-theme@1.0.0~dev: wordpress-wp-theme@1.0.0
8 verbose lifecycle wordpress-wp-theme@1.0.0~dev: unsafe-perm in lifecycle true
9 verbose lifecycle wordpress-wp-theme@1.0.0~dev: PATH: C:\Users\Jonathan\AppData\Roaming\nvm\v5.11.0\node_modules\npm\bin\node-gyp-bin;C:\Nettsider\Lekeland\wordpress-playground\wp-content\themes\wordpress-starter\node_modules\.bin;C:\Program Files\nodejs;C:\Cmder\bin;C:\Cmder\vendor\bin;C:\Cmder\vendor\conemu-maximus5\ConEmu\Scripts;C:\Cmder\vendor\conemu-maximus5;C:\Cmder\vendor\conemu-maximus5\ConEmu;C:\windows\system32;C:\windows;C:\windows\System32\Wbem;C:\windows\System32\WindowsPowerShell\v1.0\;C:\windows\System32\OpenSSH\;C:\Program Files\NVIDIA Corporation\NVIDIA NGX;C:\Program Files (x86)\NVIDIA Corporation\PhysX\Common;C:\Users\Jonathan\AppData\Roaming\nvm;C:\Program Files\nodejs;C:\Program Files\Git\cmd;C:\WINDOWS\system32;C:\WINDOWS;C:\WINDOWS\System32\Wbem;C:\WINDOWS\System32\WindowsPowerShell\v1.0\;C:\WINDOWS\System32\OpenSSH\;C:\Users\Jonathan\AppData\Local\Microsoft\WindowsApps;C:\Users\Jonathan\AppData\Local\Programs\Microsoft VS Code\bin;C:\Users\Jonathan\AppData\Roaming\nvm;C:\Program Files\nodejs;C:\Program Files\Git\cmd;C:\Program Files\Git\mingw64\bin;C:\Program Files\Git\usr\bin;C:\Cmder
10 verbose lifecycle wordpress-wp-theme@1.0.0~dev: CWD: C:\Nettsider\Lekeland\wordpress-playground\wp-content\themes\wordpress-starter
11 silly lifecycle wordpress-wp-theme@1.0.0~dev: Args: [ '/d /s /c', 'gulp' ]
12 silly lifecycle wordpress-wp-theme@1.0.0~dev: Returned: code: 1  signal: null
13 info lifecycle wordpress-wp-theme@1.0.0~dev: Failed to exec dev script
14 verbose stack Error: wordpress-wp-theme@1.0.0 dev: `gulp`
14 verbose stack Exit status 1
14 verbose stack     at EventEmitter.<anonymous> (C:\Users\Jonathan\AppData\Roaming\nvm\v5.11.0\node_modules\npm\lib\utils\lifecycle.js:239:16)
14 verbose stack     at emitTwo (events.js:100:13)
14 verbose stack     at EventEmitter.emit (events.js:185:7)
14 verbose stack     at ChildProcess.<anonymous> (C:\Users\Jonathan\AppData\Roaming\nvm\v5.11.0\node_modules\npm\lib\utils\spawn.js:24:14)
14 verbose stack     at emitTwo (events.js:100:13)
14 verbose stack     at ChildProcess.emit (events.js:185:7)
14 verbose stack     at maybeClose (internal/child_process.js:850:16)
14 verbose stack     at Process.ChildProcess._handle.onexit (internal/child_process.js:215:5)
15 verbose pkgid wordpress-wp-theme@1.0.0
16 verbose cwd C:\Nettsider\Lekeland\wordpress-playground\wp-content\themes\wordpress-starter
17 error Windows_NT 10.0.18362
18 error argv "C:\\Program Files\\nodejs\\node.exe" "C:\\Program Files\\nodejs\\node_modules\\npm\\bin\\npm-cli.js" "run" "dev"
19 error node v5.11.0
20 error npm  v3.8.6
21 error code ELIFECYCLE
22 error wordpress-wp-theme@1.0.0 dev: `gulp`
22 error Exit status 1
23 error Failed at the wordpress-wp-theme@1.0.0 dev script 'gulp'.
23 error Make sure you have the latest version of node.js and npm installed.
23 error If you do, this is most likely a problem with the wordpress-wp-theme package,
23 error not with npm itself.
23 error Tell the author that this fails on your system:
23 error     gulp
23 error You can get information on how to open an issue for this project with:
23 error     npm bugs wordpress-wp-theme
23 error Or if that isn't available, you can get their info via:
23 error     npm owner ls wordpress-wp-theme
23 error There is likely additional logging output above.
24 verbose exit [ 1, true ]
